[debug] [2023-03-10T13:11:16.377Z] ----------------------------------------------------------------------
[debug] [2023-03-10T13:11:16.380Z] Command:       C:\Program Files\nodejs\node.exe C:\Users\TOSHIBA\AppData\Roaming\npm\node_modules\firebase-tools\lib\bin\firebase.js init
[debug] [2023-03-10T13:11:16.381Z] CLI Version:   11.24.1
[debug] [2023-03-10T13:11:16.381Z] Platform:      win32
[debug] [2023-03-10T13:11:16.381Z] Node Version:  v16.17.1
[debug] [2023-03-10T13:11:16.382Z] Time:          Fri Mar 10 2023 20:11:16 GMT+0700 (GMT+07:00)
[debug] [2023-03-10T13:11:16.382Z] ----------------------------------------------------------------------
[debug] 
[debug] [2023-03-10T13:11:16.387Z] >>> [apiv2][query] GET https://firebase-public.firebaseio.com/cli.json [none]
[debug] [2023-03-10T13:11:16.417Z] > command requires scopes: ["email","openid","https://www.googleapis.com/auth/cloudplatformprojects.readonly","https://www.googleapis.com/auth/firebase","https://www.googleapis.com/auth/cloud-platform"]
[debug] [2023-03-10T13:11:16.418Z] > authorizing via signed-in user (ayutelaumbanuaa@gmail.com)
[info] 
     ######## #### ########  ######## ########     ###     ######  ########
     ##        ##  ##     ## ##       ##     ##  ##   ##  ##       ##
     ######    ##  ########  ######   ########  #########  ######  ######
     ##        ##  ##    ##  ##       ##     ## ##     ##       ## ##
     ##       #### ##     ## ######## ########  ##     ##  ######  ########

You're about to initialize a Firebase project in this directory:

  C:\xampp\htdocs\inventori

Before we get started, keep in mind:

  * You are currently outside your home directory

[debug] [2023-03-10T13:11:16.972Z] <<< [apiv2][status] GET https://firebase-public.firebaseio.com/cli.json 200
[debug] [2023-03-10T13:11:16.972Z] <<< [apiv2][body] GET https://firebase-public.firebaseio.com/cli.json {"cloudBuildErrorAfter":1594252800000,"cloudBuildWarnAfter":1590019200000,"defaultNode10After":1594252800000,"minVersion":"3.0.5","node8DeploysDisabledAfter":1613390400000,"node8RuntimeDisabledAfter":1615809600000,"node8WarnAfter":1600128000000}
[info] 
=== Project Setup
[info] 
[info] First, let's associate this project directory with a Firebase project.
[info] You can create multiple project aliases by running firebase use --add, 
[info] but for now we'll just set up a default project.
[info] 
